[0m00:40:33.000493 [debug] [MainThread]: Sending event: {'category': 'dbt', 'action': 'invocation', 'label': 'start', 'context': [<snowplow_tracker.self_describing_json.SelfDescribingJson object at 0x0000025AC496D2D0>, <snowplow_tracker.self_describing_json.SelfDescribingJson object at 0x0000025AC5BEAD70>, <snowplow_tracker.self_describing_json.SelfDescribingJson object at 0x0000025AC5BEAB90>]}


============================== 00:40:33.047364 | 1b7e45df-f7e7-4bbd-817d-1689e718eee7 ==============================
[0m00:40:33.047364 [info ] [MainThread]: Running with dbt=1.10.4
[0m00:40:33.047364 [debug] [MainThread]: running dbt with arguments {'printer_width': '80', 'indirect_selection': 'eager', 'write_json': 'True', 'log_cache_events': 'False', 'partial_parse': 'True', 'cache_selected_only': 'False', 'profiles_dir': 'C:\\Users\\Musab\\.dbt', 'version_check': 'True', 'fail_fast': 'False', 'log_path': 'logs', 'debug': 'False', 'warn_error': 'None', 'use_colors': 'True', 'use_experimental_parser': 'False', 'no_print': 'None', 'quiet': 'False', 'empty': 'None', 'warn_error_options': 'WarnErrorOptionsV2(error=[], warn=[], silence=[])', 'invocation_command': 'dbt init', 'static_parser': 'True', 'log_format': 'default', 'target_path': 'None', 'introspect': 'True', 'send_anonymous_usage_stats': 'True'}
[0m00:42:16.606249 [debug] [MainThread]: Starter project path: C:\Users\Musab\AppData\Local\Programs\Python\Python310\lib\site-packages\dbt\include\starter_project
[0m00:42:16.731543 [info ] [MainThread]: 
Your new dbt project "DBT_SNOWFLAKE" was created!

For more information on how to configure the profiles.yml file,
please consult the dbt documentation here:

  https://docs.getdbt.com/docs/configure-your-profile

One more thing:

Need help? Don't hesitate to reach out to us via GitHub issues or on Slack:

  https://community.getdbt.com/

Happy modeling!

[0m00:42:16.731543 [info ] [MainThread]: Setting up your profile.
[0m00:45:43.433291 [info ] [MainThread]: Profile DBT_SNOWFLAKE written to C:\Users\Musab\.dbt\profiles.yml using target's profile_template.yml and your supplied values. Run 'dbt debug' to validate the connection.
[0m00:45:43.437370 [debug] [MainThread]: Command `dbt init` succeeded at 00:45:43.437370 after 310.72 seconds
[0m00:45:43.439693 [debug] [MainThread]: Sending event: {'category': 'dbt', 'action': 'invocation', 'label': 'end', 'context': [<snowplow_tracker.self_describing_json.SelfDescribingJson object at 0x0000025AC496D2D0>, <snowplow_tracker.self_describing_json.SelfDescribingJson object at 0x0000025AC5BEAB30>, <snowplow_tracker.self_describing_json.SelfDescribingJson object at 0x0000025AC534B4C0>]}
[0m00:45:43.439693 [debug] [MainThread]: Flushing usage events
[0m00:45:44.332664 [debug] [MainThread]: An error was encountered while trying to flush usage events
[0m00:46:07.037777 [debug] [MainThread]: Sending event: {'category': 'dbt', 'action': 'invocation', 'label': 'start', 'context': [<snowplow_tracker.self_describing_json.SelfDescribingJson object at 0x0000022876431240>, <snowplow_tracker.self_describing_json.SelfDescribingJson object at 0x00000228776AAC20>, <snowplow_tracker.self_describing_json.SelfDescribingJson object at 0x00000228776AAA40>]}


============================== 00:46:07.053424 | 6352ebee-a3b8-4325-9e41-003768829ca3 ==============================
[0m00:46:07.053424 [info ] [MainThread]: Running with dbt=1.10.4
[0m00:46:07.053424 [debug] [MainThread]: running dbt with arguments {'printer_width': '80', 'indirect_selection': 'eager', 'write_json': 'True', 'log_cache_events': 'False', 'partial_parse': 'True', 'cache_selected_only': 'False', 'warn_error': 'None', 'fail_fast': 'False', 'debug': 'False', 'log_path': 'logs', 'version_check': 'True', 'profiles_dir': 'C:\\Users\\Musab\\.dbt', 'use_colors': 'True', 'use_experimental_parser': 'False', 'empty': 'None', 'quiet': 'False', 'no_print': 'None', 'log_format': 'default', 'static_parser': 'True', 'warn_error_options': 'WarnErrorOptionsV2(error=[], warn=[], silence=[])', 'invocation_command': 'dbt debug', 'target_path': 'None', 'introspect': 'True', 'send_anonymous_usage_stats': 'True'}
[0m00:46:07.100480 [info ] [MainThread]: dbt version: 1.10.4
[0m00:46:07.100480 [info ] [MainThread]: python version: 3.10.7
[0m00:46:07.100480 [info ] [MainThread]: python path: C:\Users\Musab\AppData\Local\Programs\Python\Python310\python.exe
[0m00:46:07.100480 [info ] [MainThread]: os info: Windows-10-10.0.19045-SP0
[0m00:46:07.899318 [info ] [MainThread]: Using profiles dir at C:\Users\Musab\.dbt
[0m00:46:07.899318 [info ] [MainThread]: Using profiles.yml file at C:\Users\Musab\.dbt\profiles.yml
[0m00:46:07.899318 [info ] [MainThread]: Using dbt_project.yml file at C:\DBT_Snowflake\snowflake-data-warehouse-project\dbt_project.yml
[0m00:46:07.899318 [error] [MainThread]: Encountered an error:
Internal Error
  Profile should not be None if loading profile completed
[0m00:46:07.914947 [debug] [MainThread]: Command `dbt debug` failed at 00:46:07.914947 after 1.02 seconds
[0m00:46:07.914947 [debug] [MainThread]: Sending event: {'category': 'dbt', 'action': 'invocation', 'label': 'end', 'context': [<snowplow_tracker.self_describing_json.SelfDescribingJson object at 0x0000022876431240>, <snowplow_tracker.self_describing_json.SelfDescribingJson object at 0x00000228776AAD10>, <snowplow_tracker.self_describing_json.SelfDescribingJson object at 0x00000228776B7280>]}
[0m00:46:07.914947 [debug] [MainThread]: Flushing usage events
[0m00:46:08.793196 [debug] [MainThread]: An error was encountered while trying to flush usage events
[0m01:21:11.831140 [debug] [MainThread]: Sending event: {'category': 'dbt', 'action': 'invocation', 'label': 'start', 'context': [<snowplow_tracker.self_describing_json.SelfDescribingJson object at 0x000001DDEBC81270>, <snowplow_tracker.self_describing_json.SelfDescribingJson object at 0x000001DDECEFACB0>, <snowplow_tracker.self_describing_json.SelfDescribingJson object at 0x000001DDECEFAAD0>]}


============================== 01:21:11.863977 | b341d298-f0c8-4795-80d6-b79c085f27d9 ==============================
[0m01:21:11.863977 [info ] [MainThread]: Running with dbt=1.10.4
[0m01:21:11.868177 [debug] [MainThread]: running dbt with arguments {'printer_width': '80', 'indirect_selection': 'eager', 'write_json': 'True', 'log_cache_events': 'False', 'partial_parse': 'True', 'cache_selected_only': 'False', 'warn_error': 'None', 'version_check': 'True', 'profiles_dir': 'C:\\Users\\Musab\\.dbt', 'log_path': 'logs', 'debug': 'False', 'fail_fast': 'False', 'use_colors': 'True', 'use_experimental_parser': 'False', 'no_print': 'None', 'quiet': 'False', 'empty': 'None', 'log_format': 'default', 'static_parser': 'True', 'introspect': 'True', 'invocation_command': 'dbt debug', 'target_path': 'None', 'warn_error_options': 'WarnErrorOptionsV2(error=[], warn=[], silence=[])', 'send_anonymous_usage_stats': 'True'}
[0m01:21:11.949232 [info ] [MainThread]: dbt version: 1.10.4
[0m01:21:11.965624 [info ] [MainThread]: python version: 3.10.7
[0m01:21:11.966157 [info ] [MainThread]: python path: C:\Users\Musab\AppData\Local\Programs\Python\Python310\python.exe
[0m01:21:11.966157 [info ] [MainThread]: os info: Windows-10-10.0.19045-SP0
[0m01:21:11.966157 [info ] [MainThread]: Using profiles dir at C:\Users\Musab\.dbt
[0m01:21:11.966157 [info ] [MainThread]: Using profiles.yml file at C:\Users\Musab\.dbt\profiles.yml
[0m01:21:11.966157 [info ] [MainThread]: Using dbt_project.yml file at C:\DBT_Snowflake\snowflake-data-warehouse-project\dbt_project.yml
[0m01:21:11.966157 [info ] [MainThread]: Configuration:
[0m01:21:11.966157 [info ] [MainThread]:   profiles.yml file [[31mERROR not found[0m]
[0m01:21:11.966157 [info ] [MainThread]:   dbt_project.yml file [[31mERROR not found[0m]
[0m01:21:11.966157 [info ] [MainThread]: Required dependencies:
[0m01:21:11.982878 [debug] [MainThread]: Executing "git --help"
[0m01:21:12.074723 [debug] [MainThread]: STDOUT: "b"usage: git [-v | --version] [-h | --help] [-C <path>] [-c <name>=<value>]\n           [--exec-path[=<path>]] [--html-path] [--man-path] [--info-path]\n           [-p | --paginate | -P | --no-pager] [--no-replace-objects] [--no-lazy-fetch]\n           [--no-optional-locks] [--no-advice] [--bare] [--git-dir=<path>]\n           [--work-tree=<path>] [--namespace=<name>] [--config-env=<name>=<envvar>]\n           <command> [<args>]\n\nThese are common Git commands used in various situations:\n\nstart a working area (see also: git help tutorial)\n   clone      Clone a repository into a new directory\n   init       Create an empty Git repository or reinitialize an existing one\n\nwork on the current change (see also: git help everyday)\n   add        Add file contents to the index\n   mv         Move or rename a file, a directory, or a symlink\n   restore    Restore working tree files\n   rm         Remove files from the working tree and from the index\n\nexamine the history and state (see also: git help revisions)\n   bisect     Use binary search to find the commit that introduced a bug\n   diff       Show changes between commits, commit and working tree, etc\n   grep       Print lines matching a pattern\n   log        Show commit logs\n   show       Show various types of objects\n   status     Show the working tree status\n\ngrow, mark and tweak your common history\n   backfill   Download missing objects in a partial clone\n   branch     List, create, or delete branches\n   commit     Record changes to the repository\n   merge      Join two or more development histories together\n   rebase     Reapply commits on top of another base tip\n   reset      Reset current HEAD to the specified state\n   switch     Switch branches\n   tag        Create, list, delete or verify a tag object signed with GPG\n\ncollaborate (see also: git help workflows)\n   fetch      Download objects and refs from another repository\n   pull       Fetch from and integrate with another repository or a local branch\n   push       Update remote refs along with associated objects\n\n'git help -a' and 'git help -g' list available subcommands and some\nconcept guides. See 'git help <command>' or 'git help <concept>'\nto read about a specific subcommand or concept.\nSee 'git help git' for an overview of the system.\n""
[0m01:21:12.074723 [debug] [MainThread]: STDERR: "b''"
[0m01:21:12.085167 [info ] [MainThread]:  - git [[32mOK found[0m]

[0m01:21:12.085167 [info ] [MainThread]: Connection test skipped since no profile was found
[0m01:21:12.085167 [info ] [MainThread]: [31m2 checks failed:[0m
[0m01:21:12.085167 [info ] [MainThread]: dbt looked for a profiles.yml file in C:\Users\Musab\.dbt\profiles.yml, but did
not find one. For more information on configuring your profile, consult the
documentation:

https://docs.getdbt.com/docs/configure-your-profile


[0m01:21:12.085167 [info ] [MainThread]: Project loading failed for the following reason:
 project path <C:\DBT_Snowflake\snowflake-data-warehouse-project\dbt_project.yml> not found

[0m01:21:12.098371 [debug] [MainThread]: Command `dbt debug` failed at 01:21:12.096122 after 0.58 seconds
[0m01:21:12.101285 [debug] [MainThread]: Sending event: {'category': 'dbt', 'action': 'invocation', 'label': 'end', 'context': [<snowplow_tracker.self_describing_json.SelfDescribingJson object at 0x000001DDEBC81270>, <snowplow_tracker.self_describing_json.SelfDescribingJson object at 0x000001DDECEFA9E0>, <snowplow_tracker.self_describing_json.SelfDescribingJson object at 0x000001DDECF076D0>]}
[0m01:21:12.102285 [debug] [MainThread]: Flushing usage events
[0m01:21:12.997604 [debug] [MainThread]: An error was encountered while trying to flush usage events
